  stdafx.cpp
  diskmarkdll.cpp
diskmarkdll.cpp(206): warning C4244: “=”: 从“double”转换到“float”，可能丢失数据
diskmarkdll.cpp(241): warning C4244: “=”: 从“double”转换到“float”，可能丢失数据
diskmarkdll.cpp(249): warning C4244: “=”: 从“double”转换到“float”，可能丢失数据
diskmarkdll.cpp(207): warning C4477: “printf”: 格式字符串“%d”需要类型“int”的参数，但可变参数 1 拥有了类型“UINT64”
  diskmarkdll.cpp(207): note: 请考虑在格式字符串中使用“%lld”
  diskmarkdll.cpp(207): note: 请考虑在格式字符串中使用“%I64d”
diskmarkdll.cpp(215): warning C4477: “printf”: 格式字符串“%d”需要类型“int”的参数，但可变参数 1 拥有了类型“UINT64”
  diskmarkdll.cpp(215): note: 请考虑在格式字符串中使用“%lld”
  diskmarkdll.cpp(215): note: 请考虑在格式字符串中使用“%I64d”
diskmarkdll.cpp(242): warning C4477: “printf”: 格式字符串“%d”需要类型“int”的参数，但可变参数 1 拥有了类型“UINT64”
  diskmarkdll.cpp(242): note: 请考虑在格式字符串中使用“%lld”
  diskmarkdll.cpp(242): note: 请考虑在格式字符串中使用“%I64d”
diskmarkdll.cpp(250): warning C4477: “printf”: 格式字符串“%d”需要类型“int”的参数，但可变参数 1 拥有了类型“UINT64”
  diskmarkdll.cpp(250): note: 请考虑在格式字符串中使用“%lld”
  diskmarkdll.cpp(250): note: 请考虑在格式字符串中使用“%I64d”
diskmarkdll.cpp(280): warning C4244: “=”: 从“double”转换到“float”，可能丢失数据
diskmarkdll.cpp(315): warning C4244: “=”: 从“double”转换到“float”，可能丢失数据
diskmarkdll.cpp(324): warning C4244: “=”: 从“double”转换到“float”，可能丢失数据
diskmarkdll.cpp(281): warning C4477: “printf”: 格式字符串“%d”需要类型“int”的参数，但可变参数 1 拥有了类型“UINT64”
  diskmarkdll.cpp(281): note: 请考虑在格式字符串中使用“%lld”
  diskmarkdll.cpp(281): note: 请考虑在格式字符串中使用“%I64d”
diskmarkdll.cpp(290): warning C4477: “printf”: 格式字符串“%d”需要类型“int”的参数，但可变参数 1 拥有了类型“UINT64”
  diskmarkdll.cpp(290): note: 请考虑在格式字符串中使用“%lld”
  diskmarkdll.cpp(290): note: 请考虑在格式字符串中使用“%I64d”
diskmarkdll.cpp(316): warning C4477: “printf”: 格式字符串“%d”需要类型“int”的参数，但可变参数 1 拥有了类型“UINT64”
  diskmarkdll.cpp(316): note: 请考虑在格式字符串中使用“%lld”
  diskmarkdll.cpp(316): note: 请考虑在格式字符串中使用“%I64d”
diskmarkdll.cpp(325): warning C4477: “printf”: 格式字符串“%d”需要类型“int”的参数，但可变参数 1 拥有了类型“UINT64”
  diskmarkdll.cpp(325): note: 请考虑在格式字符串中使用“%lld”
  diskmarkdll.cpp(325): note: 请考虑在格式字符串中使用“%I64d”
diskmarkdll.cpp(354): warning C4244: “=”: 从“double”转换到“float”，可能丢失数据
diskmarkdll.cpp(388): warning C4244: “=”: 从“double”转换到“float”，可能丢失数据
diskmarkdll.cpp(396): warning C4244: “=”: 从“double”转换到“float”，可能丢失数据
diskmarkdll.cpp(355): warning C4477: “printf”: 格式字符串“%d”需要类型“int”的参数，但可变参数 1 拥有了类型“UINT64”
  diskmarkdll.cpp(355): note: 请考虑在格式字符串中使用“%lld”
  diskmarkdll.cpp(355): note: 请考虑在格式字符串中使用“%I64d”
diskmarkdll.cpp(363): warning C4477: “printf”: 格式字符串“%d”需要类型“int”的参数，但可变参数 1 拥有了类型“UINT64”
  diskmarkdll.cpp(363): note: 请考虑在格式字符串中使用“%lld”
  diskmarkdll.cpp(363): note: 请考虑在格式字符串中使用“%I64d”
diskmarkdll.cpp(389): warning C4477: “printf”: 格式字符串“%d”需要类型“int”的参数，但可变参数 1 拥有了类型“UINT64”
  diskmarkdll.cpp(389): note: 请考虑在格式字符串中使用“%lld”
  diskmarkdll.cpp(389): note: 请考虑在格式字符串中使用“%I64d”
diskmarkdll.cpp(397): warning C4477: “printf”: 格式字符串“%d”需要类型“int”的参数，但可变参数 1 拥有了类型“UINT64”
  diskmarkdll.cpp(397): note: 请考虑在格式字符串中使用“%lld”
  diskmarkdll.cpp(397): note: 请考虑在格式字符串中使用“%I64d”
diskmarkdll.cpp(445): warning C4018: “<”: 有符号/无符号不匹配
diskmarkdll.cpp(451): warning C4244: “初始化”: 从“UINT64”转换到“int”，可能丢失数据
diskmarkdll.cpp(467): warning C4244: “初始化”: 从“double”转换到“int”，可能丢失数据
diskmarkdll.cpp(488): warning C4244: “初始化”: 从“double”转换到“int”，可能丢失数据
diskmarkdll.cpp(547): warning C4244: “初始化”: 从“double”转换到“int”，可能丢失数据
diskmarkdll.cpp(598): warning C4244: “初始化”: 从“double”转换到“int”，可能丢失数据
diskmarkdll.cpp(559): warning C4101: “j”: 未引用的局部变量
diskmarkdll.cpp(676): warning C4244: “初始化”: 从“double”转换到“int”，可能丢失数据
diskmarkdll.cpp(702): warning C4244: “初始化”: 从“double”转换到“int”，可能丢失数据
diskmarkdll.cpp(746): warning C4018: “<”: 有符号/无符号不匹配
  dllmain.cpp
    正在创建库 C:\Users\fenhuo\Documents\Visual Studio 2015\Projects\diskmark\Release\diskmarkdll.lib 和对象 C:\Users\fenhuo\Documents\Visual Studio 2015\Projects\diskmark\Release\diskmarkdll.exp
  正在生成代码
  All 504 functions were compiled because no usable IPDB/IOBJ from previous compilation was found.
  已完成代码的生成
  diskmarkdll.vcxproj -> C:\Users\fenhuo\Documents\Visual Studio 2015\Projects\diskmark\Release\diskmarkdll.dll
  diskmarkdll.vcxproj -> C:\Users\fenhuo\Documents\Visual Studio 2015\Projects\diskmark\Release\diskmarkdll.pdb (Full PDB)
